Traceback (most recent call last):
  File "E:/automated-testing/zhongxinhua/page3/circulation.py", line 39, in zxh
    dr.click('x,//*[@id="dd%s"]/div[%s]/a'%(n,m))
  File "E:\automated-testing\base\box_driver.py", line 323, in click
    el = self._locate_element(selector)
  File "E:\automated-testing\base\box_driver.py", line 142, in _locate_element
    element = self._base_driver.find_element(*locator)
  File "C:\Program Files\Python36\lib\site-packages\selenium\webdriver\remote\webdriver.py", line 978, in find_element
    'value': value})['value']
  File "C:\Program Files\Python36\lib\site-packages\selenium\webdriver\remote\webdriver.py", line 321, in execute
    self.error_handler.check_response(response)
  File "C:\Program Files\Python36\lib\site-packages\selenium\webdriver\remote\errorhandler.py", line 242, in check_response
    raise exception_class(message, screen, stacktrace)
selenium.common.exceptions.NoSuchElementException: Message: no such element: Unable to locate element: {"method":"xpath","selector":"//*[@id="dd1"]/div[35]/a"}
  (Session info: chrome=83.0.4103.116)
  (Driver info: chromedriver=2.41.578737 (49da6702b16031c40d63e5618de03a32ff6c197e),platform=Windows NT 6.1.7601 SP1 x86_64)

Traceback (most recent call last):
  File "E:/automated-testing/zhongxinhua/page3/circulation.py", line 39, in zxh
    dr.click('x,//*[@id="dd%s"]/div[%s]/a'%(n,m))
  File "E:\automated-testing\base\box_driver.py", line 323, in click
    el = self._locate_element(selector)
  File "E:\automated-testing\base\box_driver.py", line 142, in _locate_element
    element = self._base_driver.find_element(*locator)
  File "C:\Program Files\Python36\lib\site-packages\selenium\webdriver\remote\webdriver.py", line 978, in find_element
    'value': value})['value']
  File "C:\Program Files\Python36\lib\site-packages\selenium\webdriver\remote\webdriver.py", line 321, in execute
    self.error_handler.check_response(response)
  File "C:\Program Files\Python36\lib\site-packages\selenium\webdriver\remote\errorhandler.py", line 242, in check_response
    raise exception_class(message, screen, stacktrace)
selenium.common.exceptions.NoSuchElementException: Message: no such element: Unable to locate element: {"method":"xpath","selector":"//*[@id="dd2"]/div[12]/a"}
  (Session info: chrome=83.0.4103.116)
  (Driver info: chromedriver=2.41.578737 (49da6702b16031c40d63e5618de03a32ff6c197e),platform=Windows NT 6.1.7601 SP1 x86_64)

Traceback (most recent call last):
  File "E:/automated-testing/zhongxinhua/page3/circulation.py", line 39, in zxh
    dr.click('x,//*[@id="dd%s"]/div[%s]/a'%(n,m))
  File "E:\automated-testing\base\box_driver.py", line 323, in click
    el = self._locate_element(selector)
  File "E:\automated-testing\base\box_driver.py", line 142, in _locate_element
    element = self._base_driver.find_element(*locator)
  File "C:\Program Files\Python36\lib\site-packages\selenium\webdriver\remote\webdriver.py", line 978, in find_element
    'value': value})['value']
  File "C:\Program Files\Python36\lib\site-packages\selenium\webdriver\remote\webdriver.py", line 321, in execute
    self.error_handler.check_response(response)
  File "C:\Program Files\Python36\lib\site-packages\selenium\webdriver\remote\errorhandler.py", line 242, in check_response
    raise exception_class(message, screen, stacktrace)
selenium.common.exceptions.NoSuchElementException: Message: no such element: Unable to locate element: {"method":"xpath","selector":"//*[@id="dd3"]/div[9]/a"}
  (Session info: chrome=83.0.4103.116)
  (Driver info: chromedriver=2.41.578737 (49da6702b16031c40d63e5618de03a32ff6c197e),platform=Windows NT 6.1.7601 SP1 x86_64)

Traceback (most recent call last):
  File "E:/automated-testing/zhongxinhua/page3/circulation.py", line 39, in zxh
    dr.click('x,//*[@id="dd%s"]/div[%s]/a'%(n,m))
  File "E:\automated-testing\base\box_driver.py", line 323, in click
    el = self._locate_element(selector)
  File "E:\automated-testing\base\box_driver.py", line 142, in _locate_element
    element = self._base_driver.find_element(*locator)
  File "C:\Program Files\Python36\lib\site-packages\selenium\webdriver\remote\webdriver.py", line 978, in find_element
    'value': value})['value']
  File "C:\Program Files\Python36\lib\site-packages\selenium\webdriver\remote\webdriver.py", line 321, in execute
    self.error_handler.check_response(response)
  File "C:\Program Files\Python36\lib\site-packages\selenium\webdriver\remote\errorhandler.py", line 242, in check_response
    raise exception_class(message, screen, stacktrace)
selenium.common.exceptions.NoSuchElementException: Message: no such element: Unable to locate element: {"method":"xpath","selector":"//*[@id="dd4"]/div[3]/a"}
  (Session info: chrome=83.0.4103.116)
  (Driver info: chromedriver=2.41.578737 (49da6702b16031c40d63e5618de03a32ff6c197e),platform=Windows NT 6.1.7601 SP1 x86_64)

Traceback (most recent call last):
  File "E:/automated-testing/zhongxinhua/page3/circulation.py", line 39, in zxh
    dr.click('x,//*[@id="dd%s"]/div[%s]/a'%(n,m))
  File "E:\automated-testing\base\box_driver.py", line 323, in click
    el = self._locate_element(selector)
  File "E:\automated-testing\base\box_driver.py", line 142, in _locate_element
    element = self._base_driver.find_element(*locator)
  File "C:\Program Files\Python36\lib\site-packages\selenium\webdriver\remote\webdriver.py", line 978, in find_element
    'value': value})['value']
  File "C:\Program Files\Python36\lib\site-packages\selenium\webdriver\remote\webdriver.py", line 321, in execute
    self.error_handler.check_response(response)
  File "C:\Program Files\Python36\lib\site-packages\selenium\webdriver\remote\errorhandler.py", line 242, in check_response
    raise exception_class(message, screen, stacktrace)
selenium.common.exceptions.NoSuchElementException: Message: no such element: Unable to locate element: {"method":"xpath","selector":"//*[@id="dd5"]/div[7]/a"}
  (Session info: chrome=83.0.4103.116)
  (Driver info: chromedriver=2.41.578737 (49da6702b16031c40d63e5618de03a32ff6c197e),platform=Windows NT 6.1.7601 SP1 x86_64)

Traceback (most recent call last):
  File "E:/automated-testing/zhongxinhua/page3/circulation.py", line 39, in zxh
    dr.click('x,//*[@id="dd%s"]/div[%s]/a'%(n,m))
  File "E:\automated-testing\base\box_driver.py", line 323, in click
    el = self._locate_element(selector)
  File "E:\automated-testing\base\box_driver.py", line 142, in _locate_element
    element = self._base_driver.find_element(*locator)
  File "C:\Program Files\Python36\lib\site-packages\selenium\webdriver\remote\webdriver.py", line 978, in find_element
    'value': value})['value']
  File "C:\Program Files\Python36\lib\site-packages\selenium\webdriver\remote\webdriver.py", line 321, in execute
    self.error_handler.check_response(response)
  File "C:\Program Files\Python36\lib\site-packages\selenium\webdriver\remote\errorhandler.py", line 242, in check_response
    raise exception_class(message, screen, stacktrace)
selenium.common.exceptions.NoSuchElementException: Message: no such element: Unable to locate element: {"method":"xpath","selector":"//*[@id="dd6"]/div[5]/a"}
  (Session info: chrome=83.0.4103.116)
  (Driver info: chromedriver=2.41.578737 (49da6702b16031c40d63e5618de03a32ff6c197e),platform=Windows NT 6.1.7601 SP1 x86_64)

Traceback (most recent call last):
  File "E:/automated-testing/zhongxinhua/page3/circulation.py", line 39, in zxh
    dr.click('x,//*[@id="dd%s"]/div[%s]/a'%(n,m))
  File "E:\automated-testing\base\box_driver.py", line 323, in click
    el = self._locate_element(selector)
  File "E:\automated-testing\base\box_driver.py", line 142, in _locate_element
    element = self._base_driver.find_element(*locator)
  File "C:\Program Files\Python36\lib\site-packages\selenium\webdriver\remote\webdriver.py", line 978, in find_element
    'value': value})['value']
  File "C:\Program Files\Python36\lib\site-packages\selenium\webdriver\remote\webdriver.py", line 321, in execute
    self.error_handler.check_response(response)
  File "C:\Program Files\Python36\lib\site-packages\selenium\webdriver\remote\errorhandler.py", line 242, in check_response
    raise exception_class(message, screen, stacktrace)
selenium.common.exceptions.NoSuchElementException: Message: no such element: Unable to locate element: {"method":"xpath","selector":"//*[@id="dd7"]/div[9]/a"}
  (Session info: chrome=83.0.4103.116)
  (Driver info: chromedriver=2.41.578737 (49da6702b16031c40d63e5618de03a32ff6c197e),platform=Windows NT 6.1.7601 SP1 x86_64)

Traceback (most recent call last):
  File "E:/automated-testing/zhongxinhua/page3/circulation.py", line 39, in zxh
    dr.click('x,//*[@id="dd%s"]/div[%s]/a'%(n,m))
  File "E:\automated-testing\base\box_driver.py", line 323, in click
    el = self._locate_element(selector)
  File "E:\automated-testing\base\box_driver.py", line 142, in _locate_element
    element = self._base_driver.find_element(*locator)
  File "C:\Program Files\Python36\lib\site-packages\selenium\webdriver\remote\webdriver.py", line 978, in find_element
    'value': value})['value']
  File "C:\Program Files\Python36\lib\site-packages\selenium\webdriver\remote\webdriver.py", line 321, in execute
    self.error_handler.check_response(response)
  File "C:\Program Files\Python36\lib\site-packages\selenium\webdriver\remote\errorhandler.py", line 242, in check_response
    raise exception_class(message, screen, stacktrace)
selenium.common.exceptions.NoSuchElementException: Message: no such element: Unable to locate element: {"method":"xpath","selector":"//*[@id="dd8"]/div[13]/a"}
  (Session info: chrome=83.0.4103.116)
  (Driver info: chromedriver=2.41.578737 (49da6702b16031c40d63e5618de03a32ff6c197e),platform=Windows NT 6.1.7601 SP1 x86_64)

Traceback (most recent call last):
  File "E:/automated-testing/zhongxinhua/page3/circulation.py", line 39, in zxh
    dr.click('x,//*[@id="dd%s"]/div[%s]/a'%(n,m))
  File "E:\automated-testing\base\box_driver.py", line 323, in click
    el = self._locate_element(selector)
  File "E:\automated-testing\base\box_driver.py", line 142, in _locate_element
    element = self._base_driver.find_element(*locator)
  File "C:\Program Files\Python36\lib\site-packages\selenium\webdriver\remote\webdriver.py", line 978, in find_element
    'value': value})['value']
  File "C:\Program Files\Python36\lib\site-packages\selenium\webdriver\remote\webdriver.py", line 321, in execute
    self.error_handler.check_response(response)
  File "C:\Program Files\Python36\lib\site-packages\selenium\webdriver\remote\errorhandler.py", line 242, in check_response
    raise exception_class(message, screen, stacktrace)
selenium.common.exceptions.NoSuchElementException: Message: no such element: Unable to locate element: {"method":"xpath","selector":"//*[@id="dd9"]/div[16]/a"}
  (Session info: chrome=83.0.4103.116)
  (Driver info: chromedriver=2.41.578737 (49da6702b16031c40d63e5618de03a32ff6c197e),platform=Windows NT 6.1.7601 SP1 x86_64)

Traceback (most recent call last):
  File "E:/automated-testing/zhongxinhua/page3/circulation.py", line 39, in zxh
    dr.click('x,//*[@id="dd%s"]/div[%s]/a'%(n,m))
  File "E:\automated-testing\base\box_driver.py", line 323, in click
    el = self._locate_element(selector)
  File "E:\automated-testing\base\box_driver.py", line 142, in _locate_element
    element = self._base_driver.find_element(*locator)
  File "C:\Program Files\Python36\lib\site-packages\selenium\webdriver\remote\webdriver.py", line 978, in find_element
    'value': value})['value']
  File "C:\Program Files\Python36\lib\site-packages\selenium\webdriver\remote\webdriver.py", line 321, in execute
    self.error_handler.check_response(response)
  File "C:\Program Files\Python36\lib\site-packages\selenium\webdriver\remote\errorhandler.py", line 242, in check_response
    raise exception_class(message, screen, stacktrace)
selenium.common.exceptions.NoSuchElementException: Message: no such element: Unable to locate element: {"method":"xpath","selector":"//*[@id="dd10"]/div[11]/a"}
  (Session info: chrome=83.0.4103.116)
  (Driver info: chromedriver=2.41.578737 (49da6702b16031c40d63e5618de03a32ff6c197e),platform=Windows NT 6.1.7601 SP1 x86_64)

Traceback (most recent call last):
  File "E:/automated-testing/zhongxinhua/page3/circulation.py", line 39, in zxh
    dr.click('x,//*[@id="dd%s"]/div[%s]/a'%(n,m))
  File "E:\automated-testing\base\box_driver.py", line 323, in click
    el = self._locate_element(selector)
  File "E:\automated-testing\base\box_driver.py", line 142, in _locate_element
    element = self._base_driver.find_element(*locator)
  File "C:\Program Files\Python36\lib\site-packages\selenium\webdriver\remote\webdriver.py", line 978, in find_element
    'value': value})['value']
  File "C:\Program Files\Python36\lib\site-packages\selenium\webdriver\remote\webdriver.py", line 321, in execute
    self.error_handler.check_response(response)
  File "C:\Program Files\Python36\lib\site-packages\selenium\webdriver\remote\errorhandler.py", line 242, in check_response
    raise exception_class(message, screen, stacktrace)
selenium.common.exceptions.NoSuchElementException: Message: no such element: Unable to locate element: {"method":"xpath","selector":"//*[@id="dd11"]/div[27]/a"}
  (Session info: chrome=83.0.4103.116)
  (Driver info: chromedriver=2.41.578737 (49da6702b16031c40d63e5618de03a32ff6c197e),platform=Windows NT 6.1.7601 SP1 x86_64)

Traceback (most recent call last):
  File "E:/automated-testing/zhongxinhua/page3/circulation.py", line 39, in zxh
    dr.click('x,//*[@id="dd%s"]/div[%s]/a'%(n,m))
  File "E:\automated-testing\base\box_driver.py", line 323, in click
    el = self._locate_element(selector)
  File "E:\automated-testing\base\box_driver.py", line 142, in _locate_element
    element = self._base_driver.find_element(*locator)
  File "C:\Program Files\Python36\lib\site-packages\selenium\webdriver\remote\webdriver.py", line 978, in find_element
    'value': value})['value']
  File "C:\Program Files\Python36\lib\site-packages\selenium\webdriver\remote\webdriver.py", line 321, in execute
    self.error_handler.check_response(response)
  File "C:\Program Files\Python36\lib\site-packages\selenium\webdriver\remote\errorhandler.py", line 242, in check_response
    raise exception_class(message, screen, stacktrace)
selenium.common.exceptions.NoSuchElementException: Message: no such element: Unable to locate element: {"method":"xpath","selector":"//*[@id="dd12"]/div[9]/a"}
  (Session info: chrome=83.0.4103.116)
  (Driver info: chromedriver=2.41.578737 (49da6702b16031c40d63e5618de03a32ff6c197e),platform=Windows NT 6.1.7601 SP1 x86_64)

Traceback (most recent call last):
  File "E:/automated-testing/zhongxinhua/page3/circulation.py", line 39, in zxh
    dr.click('x,//*[@id="dd%s"]/div[%s]/a'%(n,m))
  File "E:\automated-testing\base\box_driver.py", line 323, in click
    el = self._locate_element(selector)
  File "E:\automated-testing\base\box_driver.py", line 142, in _locate_element
    element = self._base_driver.find_element(*locator)
  File "C:\Program Files\Python36\lib\site-packages\selenium\webdriver\remote\webdriver.py", line 978, in find_element
    'value': value})['value']
  File "C:\Program Files\Python36\lib\site-packages\selenium\webdriver\remote\webdriver.py", line 321, in execute
    self.error_handler.check_response(response)
  File "C:\Program Files\Python36\lib\site-packages\selenium\webdriver\remote\errorhandler.py", line 242, in check_response
    raise exception_class(message, screen, stacktrace)
selenium.common.exceptions.NoSuchElementException: Message: no such element: Unable to locate element: {"method":"xpath","selector":"//*[@id="dd13"]/div[4]/a"}
  (Session info: chrome=83.0.4103.116)
  (Driver info: chromedriver=2.41.578737 (49da6702b16031c40d63e5618de03a32ff6c197e),platform=Windows NT 6.1.7601 SP1 x86_64)

Traceback (most recent call last):
  File "E:/automated-testing/zhongxinhua/page3/circulation.py", line 39, in zxh
    dr.click('x,//*[@id="dd%s"]/div[%s]/a'%(n,m))
  File "E:\automated-testing\base\box_driver.py", line 323, in click
    el = self._locate_element(selector)
  File "E:\automated-testing\base\box_driver.py", line 142, in _locate_element
    element = self._base_driver.find_element(*locator)
  File "C:\Program Files\Python36\lib\site-packages\selenium\webdriver\remote\webdriver.py", line 978, in find_element
    'value': value})['value']
  File "C:\Program Files\Python36\lib\site-packages\selenium\webdriver\remote\webdriver.py", line 321, in execute
    self.error_handler.check_response(response)
  File "C:\Program Files\Python36\lib\site-packages\selenium\webdriver\remote\errorhandler.py", line 242, in check_response
    raise exception_class(message, screen, stacktrace)
selenium.common.exceptions.NoSuchElementException: Message: no such element: Unable to locate element: {"method":"xpath","selector":"//*[@id="dd14"]/div[36]/a"}
  (Session info: chrome=83.0.4103.116)
  (Driver info: chromedriver=2.41.578737 (49da6702b16031c40d63e5618de03a32ff6c197e),platform=Windows NT 6.1.7601 SP1 x86_64)

Traceback (most recent call last):
  File "E:/automated-testing/zhongxinhua/page3/circulation.py", line 39, in zxh
    dr.click('x,//*[@id="dd%s"]/div[%s]/a'%(n,m))
  File "E:\automated-testing\base\box_driver.py", line 323, in click
    el = self._locate_element(selector)
  File "E:\automated-testing\base\box_driver.py", line 142, in _locate_element
    element = self._base_driver.find_element(*locator)
  File "C:\Program Files\Python36\lib\site-packages\selenium\webdriver\remote\webdriver.py", line 978, in find_element
    'value': value})['value']
  File "C:\Program Files\Python36\lib\site-packages\selenium\webdriver\remote\webdriver.py", line 321, in execute
    self.error_handler.check_response(response)
  File "C:\Program Files\Python36\lib\site-packages\selenium\webdriver\remote\errorhandler.py", line 242, in check_response
    raise exception_class(message, screen, stacktrace)
selenium.common.exceptions.NoSuchElementException: Message: no such element: Unable to locate element: {"method":"xpath","selector":"//*[@id="dd15"]/div[22]/a"}
  (Session info: chrome=83.0.4103.116)
  (Driver info: chromedriver=2.41.578737 (49da6702b16031c40d63e5618de03a32ff6c197e),platform=Windows NT 6.1.7601 SP1 x86_64)

Traceback (most recent call last):
  File "E:/automated-testing/zhongxinhua/page3/circulation.py", line 39, in zxh
    dr.click('x,//*[@id="dd%s"]/div[%s]/a'%(n,m))
  File "E:\automated-testing\base\box_driver.py", line 323, in click
    el = self._locate_element(selector)
  File "E:\automated-testing\base\box_driver.py", line 142, in _locate_element
    element = self._base_driver.find_element(*locator)
  File "C:\Program Files\Python36\lib\site-packages\selenium\webdriver\remote\webdriver.py", line 978, in find_element
    'value': value})['value']
  File "C:\Program Files\Python36\lib\site-packages\selenium\webdriver\remote\webdriver.py", line 321, in execute
    self.error_handler.check_response(response)
  File "C:\Program Files\Python36\lib\site-packages\selenium\webdriver\remote\errorhandler.py", line 242, in check_response
    raise exception_class(message, screen, stacktrace)
selenium.common.exceptions.NoSuchElementException: Message: no such element: Unable to locate element: {"method":"xpath","selector":"//*[@id="dd16"]/div[43]/a"}
  (Session info: chrome=83.0.4103.116)
  (Driver info: chromedriver=2.41.578737 (49da6702b16031c40d63e5618de03a32ff6c197e),platform=Windows NT 6.1.7601 SP1 x86_64)

Traceback (most recent call last):
  File "E:/automated-testing/zhongxinhua/page3/circulation.py", line 39, in zxh
    dr.click('x,//*[@id="dd%s"]/div[%s]/a'%(n,m))
  File "E:\automated-testing\base\box_driver.py", line 323, in click
    el = self._locate_element(selector)
  File "E:\automated-testing\base\box_driver.py", line 142, in _locate_element
    element = self._base_driver.find_element(*locator)
  File "C:\Program Files\Python36\lib\site-packages\selenium\webdriver\remote\webdriver.py", line 978, in find_element
    'value': value})['value']
  File "C:\Program Files\Python36\lib\site-packages\selenium\webdriver\remote\webdriver.py", line 321, in execute
    self.error_handler.check_response(response)
  File "C:\Program Files\Python36\lib\site-packages\selenium\webdriver\remote\errorhandler.py", line 242, in check_response
    raise exception_class(message, screen, stacktrace)
selenium.common.exceptions.NoSuchElementException: Message: no such element: Unable to locate element: {"method":"xpath","selector":"//*[@id="dd17"]/div[11]/a"}
  (Session info: chrome=83.0.4103.116)
  (Driver info: chromedriver=2.41.578737 (49da6702b16031c40d63e5618de03a32ff6c197e),platform=Windows NT 6.1.7601 SP1 x86_64)

Traceback (most recent call last):
  File "E:/automated-testing/zhongxinhua/page3/circulation.py", line 39, in zxh
    dr.click('x,//*[@id="dd%s"]/div[%s]/a'%(n,m))
  File "E:\automated-testing\base\box_driver.py", line 323, in click
    el = self._locate_element(selector)
  File "E:\automated-testing\base\box_driver.py", line 142, in _locate_element
    element = self._base_driver.find_element(*locator)
  File "C:\Program Files\Python36\lib\site-packages\selenium\webdriver\remote\webdriver.py", line 978, in find_element
    'value': value})['value']
  File "C:\Program Files\Python36\lib\site-packages\selenium\webdriver\remote\webdriver.py", line 321, in execute
    self.error_handler.check_response(response)
  File "C:\Program Files\Python36\lib\site-packages\selenium\webdriver\remote\errorhandler.py", line 242, in check_response
    raise exception_class(message, screen, stacktrace)
selenium.common.exceptions.NoSuchElementException: Message: no such element: Unable to locate element: {"method":"xpath","selector":"//*[@id="dd18"]/div[45]/a"}
  (Session info: chrome=83.0.4103.116)
  (Driver info: chromedriver=2.41.578737 (49da6702b16031c40d63e5618de03a32ff6c197e),platform=Windows NT 6.1.7601 SP1 x86_64)

Traceback (most recent call last):
  File "E:/automated-testing/zhongxinhua/page3/circulation.py", line 39, in zxh
    dr.click('x,//*[@id="dd%s"]/div[%s]/a'%(n,m))
  File "E:\automated-testing\base\box_driver.py", line 323, in click
    el = self._locate_element(selector)
  File "E:\automated-testing\base\box_driver.py", line 142, in _locate_element
    element = self._base_driver.find_element(*locator)
  File "C:\Program Files\Python36\lib\site-packages\selenium\webdriver\remote\webdriver.py", line 978, in find_element
    'value': value})['value']
  File "C:\Program Files\Python36\lib\site-packages\selenium\webdriver\remote\webdriver.py", line 321, in execute
    self.error_handler.check_response(response)
  File "C:\Program Files\Python36\lib\site-packages\selenium\webdriver\remote\errorhandler.py", line 242, in check_response
    raise exception_class(message, screen, stacktrace)
selenium.common.exceptions.NoSuchElementException: Message: no such element: Unable to locate element: {"method":"xpath","selector":"//*[@id="dd19"]/div[3]/a"}
  (Session info: chrome=83.0.4103.116)
  (Driver info: chromedriver=2.41.578737 (49da6702b16031c40d63e5618de03a32ff6c197e),platform=Windows NT 6.1.7601 SP1 x86_64)

Traceback (most recent call last):
  File "E:/automated-testing/zhongxinhua/page3/circulation.py", line 39, in zxh
    dr.click('x,//*[@id="dd%s"]/div[%s]/a'%(n,m))
  File "E:\automated-testing\base\box_driver.py", line 323, in click
    el = self._locate_element(selector)
  File "E:\automated-testing\base\box_driver.py", line 142, in _locate_element
    element = self._base_driver.find_element(*locator)
  File "C:\Program Files\Python36\lib\site-packages\selenium\webdriver\remote\webdriver.py", line 978, in find_element
    'value': value})['value']
  File "C:\Program Files\Python36\lib\site-packages\selenium\webdriver\remote\webdriver.py", line 321, in execute
    self.error_handler.check_response(response)
  File "C:\Program Files\Python36\lib\site-packages\selenium\webdriver\remote\errorhandler.py", line 242, in check_response
    raise exception_class(message, screen, stacktrace)
selenium.common.exceptions.NoSuchElementException: Message: no such element: Unable to locate element: {"method":"xpath","selector":"//*[@id="dd20"]/div[34]/a"}
  (Session info: chrome=83.0.4103.116)
  (Driver info: chromedriver=2.41.578737 (49da6702b16031c40d63e5618de03a32ff6c197e),platform=Windows NT 6.1.7601 SP1 x86_64)

Traceback (most recent call last):
  File "E:/automated-testing/zhongxinhua/page3/circulation.py", line 39, in zxh
    dr.click('x,//*[@id="dd%s"]/div[%s]/a'%(n,m))
  File "E:\automated-testing\base\box_driver.py", line 323, in click
    el = self._locate_element(selector)
  File "E:\automated-testing\base\box_driver.py", line 142, in _locate_element
    element = self._base_driver.find_element(*locator)
  File "C:\Program Files\Python36\lib\site-packages\selenium\webdriver\remote\webdriver.py", line 978, in find_element
    'value': value})['value']
  File "C:\Program Files\Python36\lib\site-packages\selenium\webdriver\remote\webdriver.py", line 321, in execute
    self.error_handler.check_response(response)
  File "C:\Program Files\Python36\lib\site-packages\selenium\webdriver\remote\errorhandler.py", line 242, in check_response
    raise exception_class(message, screen, stacktrace)
selenium.common.exceptions.NoSuchElementException: Message: no such element: Unable to locate element: {"method":"xpath","selector":"//*[@id="dd21"]/div[5]/a"}
  (Session info: chrome=83.0.4103.116)
  (Driver info: chromedriver=2.41.578737 (49da6702b16031c40d63e5618de03a32ff6c197e),platform=Windows NT 6.1.7601 SP1 x86_64)

Traceback (most recent call last):
  File "E:/automated-testing/zhongxinhua/page3/circulation.py", line 39, in zxh
    dr.click('x,//*[@id="dd%s"]/div[%s]/a'%(n,m))
  File "E:\automated-testing\base\box_driver.py", line 323, in click
    el = self._locate_element(selector)
  File "E:\automated-testing\base\box_driver.py", line 142, in _locate_element
    element = self._base_driver.find_element(*locator)
  File "C:\Program Files\Python36\lib\site-packages\selenium\webdriver\remote\webdriver.py", line 978, in find_element
    'value': value})['value']
  File "C:\Program Files\Python36\lib\site-packages\selenium\webdriver\remote\webdriver.py", line 321, in execute
    self.error_handler.check_response(response)
  File "C:\Program Files\Python36\lib\site-packages\selenium\webdriver\remote\errorhandler.py", line 242, in check_response
    raise exception_class(message, screen, stacktrace)
selenium.common.exceptions.NoSuchElementException: Message: no such element: Unable to locate element: {"method":"xpath","selector":"//*[@id="dd22"]/div[8]/a"}
  (Session info: chrome=83.0.4103.116)
  (Driver info: chromedriver=2.41.578737 (49da6702b16031c40d63e5618de03a32ff6c197e),platform=Windows NT 6.1.7601 SP1 x86_64)

Traceback (most recent call last):
  File "E:/automated-testing/zhongxinhua/page3/circulation.py", line 39, in zxh
    dr.click('x,//*[@id="dd%s"]/div[%s]/a'%(n,m))
  File "E:\automated-testing\base\box_driver.py", line 323, in click
    el = self._locate_element(selector)
  File "E:\automated-testing\base\box_driver.py", line 142, in _locate_element
    element = self._base_driver.find_element(*locator)
  File "C:\Program Files\Python36\lib\site-packages\selenium\webdriver\remote\webdriver.py", line 978, in find_element
    'value': value})['value']
  File "C:\Program Files\Python36\lib\site-packages\selenium\webdriver\remote\webdriver.py", line 321, in execute
    self.error_handler.check_response(response)
  File "C:\Program Files\Python36\lib\site-packages\selenium\webdriver\remote\errorhandler.py", line 242, in check_response
    raise exception_class(message, screen, stacktrace)
selenium.common.exceptions.NoSuchElementException: Message: no such element: Unable to locate element: {"method":"xpath","selector":"//*[@id="dd23"]/div[3]/a"}
  (Session info: chrome=83.0.4103.116)
  (Driver info: chromedriver=2.41.578737 (49da6702b16031c40d63e5618de03a32ff6c197e),platform=Windows NT 6.1.7601 SP1 x86_64)

Traceback (most recent call last):
  File "E:/automated-testing/zhongxinhua/page3/circulation.py", line 39, in zxh
    dr.click('x,//*[@id="dd%s"]/div[%s]/a'%(n,m))
  File "E:\automated-testing\base\box_driver.py", line 323, in click
    el = self._locate_element(selector)
  File "E:\automated-testing\base\box_driver.py", line 142, in _locate_element
    element = self._base_driver.find_element(*locator)
  File "C:\Program Files\Python36\lib\site-packages\selenium\webdriver\remote\webdriver.py", line 978, in find_element
    'value': value})['value']
  File "C:\Program Files\Python36\lib\site-packages\selenium\webdriver\remote\webdriver.py", line 321, in execute
    self.error_handler.check_response(response)
  File "C:\Program Files\Python36\lib\site-packages\selenium\webdriver\remote\errorhandler.py", line 242, in check_response
    raise exception_class(message, screen, stacktrace)
selenium.common.exceptions.NoSuchElementException: Message: no such element: Unable to locate element: {"method":"xpath","selector":"//*[@id="dd24"]/div[12]/a"}
  (Session info: chrome=83.0.4103.116)
  (Driver info: chromedriver=2.41.578737 (49da6702b16031c40d63e5618de03a32ff6c197e),platform=Windows NT 6.1.7601 SP1 x86_64)

Traceback (most recent call last):
  File "E:/automated-testing/zhongxinhua/page3/circulation.py", line 39, in zxh
    dr.click('x,//*[@id="dd%s"]/div[%s]/a'%(n,m))
  File "E:\automated-testing\base\box_driver.py", line 323, in click
    el = self._locate_element(selector)
  File "E:\automated-testing\base\box_driver.py", line 142, in _locate_element
    element = self._base_driver.find_element(*locator)
  File "C:\Program Files\Python36\lib\site-packages\selenium\webdriver\remote\webdriver.py", line 978, in find_element
    'value': value})['value']
  File "C:\Program Files\Python36\lib\site-packages\selenium\webdriver\remote\webdriver.py", line 321, in execute
    self.error_handler.check_response(response)
  File "C:\Program Files\Python36\lib\site-packages\selenium\webdriver\remote\errorhandler.py", line 242, in check_response
    raise exception_class(message, screen, stacktrace)
selenium.common.exceptions.NoSuchElementException: Message: no such element: Unable to locate element: {"method":"xpath","selector":"//*[@id="dd25"]/div[30]/a"}
  (Session info: chrome=83.0.4103.116)
  (Driver info: chromedriver=2.41.578737 (49da6702b16031c40d63e5618de03a32ff6c197e),platform=Windows NT 6.1.7601 SP1 x86_64)

Traceback (most recent call last):
  File "E:/automated-testing/zhongxinhua/page3/circulation.py", line 39, in zxh
    dr.click('x,//*[@id="dd%s"]/div[%s]/a'%(n,m))
  File "E:\automated-testing\base\box_driver.py", line 323, in click
    el = self._locate_element(selector)
  File "E:\automated-testing\base\box_driver.py", line 142, in _locate_element
    element = self._base_driver.find_element(*locator)
  File "C:\Program Files\Python36\lib\site-packages\selenium\webdriver\remote\webdriver.py", line 978, in find_element
    'value': value})['value']
  File "C:\Program Files\Python36\lib\site-packages\selenium\webdriver\remote\webdriver.py", line 321, in execute
    self.error_handler.check_response(response)
  File "C:\Program Files\Python36\lib\site-packages\selenium\webdriver\remote\errorhandler.py", line 242, in check_response
    raise exception_class(message, screen, stacktrace)
selenium.common.exceptions.NoSuchElementException: Message: no such element: Unable to locate element: {"method":"xpath","selector":"//*[@id="dd26"]/div[23]/a"}
  (Session info: chrome=83.0.4103.116)
  (Driver info: chromedriver=2.41.578737 (49da6702b16031c40d63e5618de03a32ff6c197e),platform=Windows NT 6.1.7601 SP1 x86_64)

Traceback (most recent call last):
  File "E:/automated-testing/zhongxinhua/page3/circulation.py", line 39, in zxh
    dr.click('x,//*[@id="dd%s"]/div[%s]/a'%(n,m))
  File "E:\automated-testing\base\box_driver.py", line 323, in click
    el = self._locate_element(selector)
  File "E:\automated-testing\base\box_driver.py", line 142, in _locate_element
    element = self._base_driver.find_element(*locator)
  File "C:\Program Files\Python36\lib\site-packages\selenium\webdriver\remote\webdriver.py", line 978, in find_element
    'value': value})['value']
  File "C:\Program Files\Python36\lib\site-packages\selenium\webdriver\remote\webdriver.py", line 321, in execute
    self.error_handler.check_response(response)
  File "C:\Program Files\Python36\lib\site-packages\selenium\webdriver\remote\errorhandler.py", line 242, in check_response
    raise exception_class(message, screen, stacktrace)
selenium.common.exceptions.NoSuchElementException: Message: no such element: Unable to locate element: {"method":"xpath","selector":"//*[@id="dd27"]/div[19]/a"}
  (Session info: chrome=83.0.4103.116)
  (Driver info: chromedriver=2.41.578737 (49da6702b16031c40d63e5618de03a32ff6c197e),platform=Windows NT 6.1.7601 SP1 x86_64)

Traceback (most recent call last):
  File "E:/automated-testing/zhongxinhua/page3/circulation.py", line 39, in zxh
    dr.click('x,//*[@id="dd%s"]/div[%s]/a'%(n,m))
  File "E:\automated-testing\base\box_driver.py", line 323, in click
    el = self._locate_element(selector)
  File "E:\automated-testing\base\box_driver.py", line 142, in _locate_element
    element = self._base_driver.find_element(*locator)
  File "C:\Program Files\Python36\lib\site-packages\selenium\webdriver\remote\webdriver.py", line 978, in find_element
    'value': value})['value']
  File "C:\Program Files\Python36\lib\site-packages\selenium\webdriver\remote\webdriver.py", line 321, in execute
    self.error_handler.check_response(response)
  File "C:\Program Files\Python36\lib\site-packages\selenium\webdriver\remote\errorhandler.py", line 242, in check_response
    raise exception_class(message, screen, stacktrace)
selenium.common.exceptions.NoSuchElementException: Message: no such element: Unable to locate element: {"method":"xpath","selector":"//*[@id="dd28"]/div[8]/a"}
  (Session info: chrome=83.0.4103.116)
  (Driver info: chromedriver=2.41.578737 (49da6702b16031c40d63e5618de03a32ff6c197e),platform=Windows NT 6.1.7601 SP1 x86_64)

Traceback (most recent call last):
  File "E:/automated-testing/zhongxinhua/page3/circulation.py", line 39, in zxh
    dr.click('x,//*[@id="dd%s"]/div[%s]/a'%(n,m))
  File "E:\automated-testing\base\box_driver.py", line 323, in click
    el = self._locate_element(selector)
  File "E:\automated-testing\base\box_driver.py", line 142, in _locate_element
    element = self._base_driver.find_element(*locator)
  File "C:\Program Files\Python36\lib\site-packages\selenium\webdriver\remote\webdriver.py", line 978, in find_element
    'value': value})['value']
  File "C:\Program Files\Python36\lib\site-packages\selenium\webdriver\remote\webdriver.py", line 321, in execute
    self.error_handler.check_response(response)
  File "C:\Program Files\Python36\lib\site-packages\selenium\webdriver\remote\errorhandler.py", line 242, in check_response
    raise exception_class(message, screen, stacktrace)
selenium.common.exceptions.NoSuchElementException: Message: no such element: Unable to locate element: {"method":"xpath","selector":"//*[@id="dd29"]/div[24]/a"}
  (Session info: chrome=83.0.4103.116)
  (Driver info: chromedriver=2.41.578737 (49da6702b16031c40d63e5618de03a32ff6c197e),platform=Windows NT 6.1.7601 SP1 x86_64)

Traceback (most recent call last):
  File "E:/automated-testing/zhongxinhua/page3/circulation.py", line 39, in zxh
    dr.click('x,//*[@id="dd%s"]/div[%s]/a'%(n,m))
  File "E:\automated-testing\base\box_driver.py", line 323, in click
    el = self._locate_element(selector)
  File "E:\automated-testing\base\box_driver.py", line 142, in _locate_element
    element = self._base_driver.find_element(*locator)
  File "C:\Program Files\Python36\lib\site-packages\selenium\webdriver\remote\webdriver.py", line 978, in find_element
    'value': value})['value']
  File "C:\Program Files\Python36\lib\site-packages\selenium\webdriver\remote\webdriver.py", line 321, in execute
    self.error_handler.check_response(response)
  File "C:\Program Files\Python36\lib\site-packages\selenium\webdriver\remote\errorhandler.py", line 242, in check_response
    raise exception_class(message, screen, stacktrace)
selenium.common.exceptions.NoSuchElementException: Message: no such element: Unable to locate element: {"method":"xpath","selector":"//*[@id="dd30"]/div[10]/a"}
  (Session info: chrome=83.0.4103.116)
  (Driver info: chromedriver=2.41.578737 (49da6702b16031c40d63e5618de03a32ff6c197e),platform=Windows NT 6.1.7601 SP1 x86_64)

Traceback (most recent call last):
  File "E:/automated-testing/zhongxinhua/page3/circulation.py", line 39, in zxh
    dr.click('x,//*[@id="dd%s"]/div[%s]/a'%(n,m))
  File "E:\automated-testing\base\box_driver.py", line 323, in click
    el = self._locate_element(selector)
  File "E:\automated-testing\base\box_driver.py", line 142, in _locate_element
    element = self._base_driver.find_element(*locator)
  File "C:\Program Files\Python36\lib\site-packages\selenium\webdriver\remote\webdriver.py", line 978, in find_element
    'value': value})['value']
  File "C:\Program Files\Python36\lib\site-packages\selenium\webdriver\remote\webdriver.py", line 321, in execute
    self.error_handler.check_response(response)
  File "C:\Program Files\Python36\lib\site-packages\selenium\webdriver\remote\errorhandler.py", line 242, in check_response
    raise exception_class(message, screen, stacktrace)
selenium.common.exceptions.NoSuchElementException: Message: no such element: Unable to locate element: {"method":"xpath","selector":"//*[@id="dd31"]/div[2]/a"}
  (Session info: chrome=83.0.4103.116)
  (Driver info: chromedriver=2.41.578737 (49da6702b16031c40d63e5618de03a32ff6c197e),platform=Windows NT 6.1.7601 SP1 x86_64)

Traceback (most recent call last):
  File "E:/automated-testing/zhongxinhua/page3/circulation.py", line 39, in zxh
    dr.click('x,//*[@id="dd%s"]/div[%s]/a'%(n,m))
  File "E:\automated-testing\base\box_driver.py", line 323, in click
    el = self._locate_element(selector)
  File "E:\automated-testing\base\box_driver.py", line 142, in _locate_element
    element = self._base_driver.find_element(*locator)
  File "C:\Program Files\Python36\lib\site-packages\selenium\webdriver\remote\webdriver.py", line 978, in find_element
    'value': value})['value']
  File "C:\Program Files\Python36\lib\site-packages\selenium\webdriver\remote\webdriver.py", line 321, in execute
    self.error_handler.check_response(response)
  File "C:\Program Files\Python36\lib\site-packages\selenium\webdriver\remote\errorhandler.py", line 242, in check_response
    raise exception_class(message, screen, stacktrace)
selenium.common.exceptions.NoSuchElementException: Message: no such element: Unable to locate element: {"method":"xpath","selector":"//*[@id="dd32"]/div[7]/a"}
  (Session info: chrome=83.0.4103.116)
  (Driver info: chromedriver=2.41.578737 (49da6702b16031c40d63e5618de03a32ff6c197e),platform=Windows NT 6.1.7601 SP1 x86_64)

Traceback (most recent call last):
  File "E:/automated-testing/zhongxinhua/page3/circulation.py", line 39, in zxh
    dr.click('x,//*[@id="dd%s"]/div[%s]/a'%(n,m))
  File "E:\automated-testing\base\box_driver.py", line 323, in click
    el = self._locate_element(selector)
  File "E:\automated-testing\base\box_driver.py", line 142, in _locate_element
    element = self._base_driver.find_element(*locator)
  File "C:\Program Files\Python36\lib\site-packages\selenium\webdriver\remote\webdriver.py", line 978, in find_element
    'value': value})['value']
  File "C:\Program Files\Python36\lib\site-packages\selenium\webdriver\remote\webdriver.py", line 321, in execute
    self.error_handler.check_response(response)
  File "C:\Program Files\Python36\lib\site-packages\selenium\webdriver\remote\errorhandler.py", line 242, in check_response
    raise exception_class(message, screen, stacktrace)
selenium.common.exceptions.NoSuchElementException: Message: no such element: Unable to locate element: {"method":"xpath","selector":"//*[@id="dd33"]/div[39]/a"}
  (Session info: chrome=83.0.4103.116)
  (Driver info: chromedriver=2.41.578737 (49da6702b16031c40d63e5618de03a32ff6c197e),platform=Windows NT 6.1.7601 SP1 x86_64)

Traceback (most recent call last):
  File "E:/automated-testing/zhongxinhua/page3/circulation.py", line 39, in zxh
    dr.click('x,//*[@id="dd%s"]/div[%s]/a'%(n,m))
  File "E:\automated-testing\base\box_driver.py", line 323, in click
    el = self._locate_element(selector)
  File "E:\automated-testing\base\box_driver.py", line 142, in _locate_element
    element = self._base_driver.find_element(*locator)
  File "C:\Program Files\Python36\lib\site-packages\selenium\webdriver\remote\webdriver.py", line 978, in find_element
    'value': value})['value']
  File "C:\Program Files\Python36\lib\site-packages\selenium\webdriver\remote\webdriver.py", line 321, in execute
    self.error_handler.check_response(response)
  File "C:\Program Files\Python36\lib\site-packages\selenium\webdriver\remote\errorhandler.py", line 242, in check_response
    raise exception_class(message, screen, stacktrace)
selenium.common.exceptions.NoSuchElementException: Message: no such element: Unable to locate element: {"method":"xpath","selector":"//*[@id="dd34"]/div[12]/a"}
  (Session info: chrome=83.0.4103.116)
  (Driver info: chromedriver=2.41.578737 (49da6702b16031c40d63e5618de03a32ff6c197e),platform=Windows NT 6.1.7601 SP1 x86_64)

Traceback (most recent call last):
  File "E:/automated-testing/zhongxinhua/page3/circulation.py", line 39, in zxh
    dr.click('x,//*[@id="dd%s"]/div[%s]/a'%(n,m))
  File "E:\automated-testing\base\box_driver.py", line 323, in click
    el = self._locate_element(selector)
  File "E:\automated-testing\base\box_driver.py", line 142, in _locate_element
    element = self._base_driver.find_element(*locator)
  File "C:\Program Files\Python36\lib\site-packages\selenium\webdriver\remote\webdriver.py", line 978, in find_element
    'value': value})['value']
  File "C:\Program Files\Python36\lib\site-packages\selenium\webdriver\remote\webdriver.py", line 321, in execute
    self.error_handler.check_response(response)
  File "C:\Program Files\Python36\lib\site-packages\selenium\webdriver\remote\errorhandler.py", line 242, in check_response
    raise exception_class(message, screen, stacktrace)
selenium.common.exceptions.NoSuchElementException: Message: no such element: Unable to locate element: {"method":"xpath","selector":"//*[@id="dd35"]/div[5]/a"}
  (Session info: chrome=83.0.4103.116)
  (Driver info: chromedriver=2.41.578737 (49da6702b16031c40d63e5618de03a32ff6c197e),platform=Windows NT 6.1.7601 SP1 x86_64)

Traceback (most recent call last):
  File "E:/automated-testing/zhongxinhua/page3/circulation.py", line 39, in zxh
    dr.click('x,//*[@id="dd%s"]/div[%s]/a'%(n,m))
  File "E:\automated-testing\base\box_driver.py", line 323, in click
    el = self._locate_element(selector)
  File "E:\automated-testing\base\box_driver.py", line 142, in _locate_element
    element = self._base_driver.find_element(*locator)
  File "C:\Program Files\Python36\lib\site-packages\selenium\webdriver\remote\webdriver.py", line 978, in find_element
    'value': value})['value']
  File "C:\Program Files\Python36\lib\site-packages\selenium\webdriver\remote\webdriver.py", line 321, in execute
    self.error_handler.check_response(response)
  File "C:\Program Files\Python36\lib\site-packages\selenium\webdriver\remote\errorhandler.py", line 242, in check_response
    raise exception_class(message, screen, stacktrace)
selenium.common.exceptions.NoSuchElementException: Message: no such element: Unable to locate element: {"method":"xpath","selector":"//*[@id="dd36"]/div[2]/a"}
  (Session info: chrome=83.0.4103.116)
  (Driver info: chromedriver=2.41.578737 (49da6702b16031c40d63e5618de03a32ff6c197e),platform=Windows NT 6.1.7601 SP1 x86_64)

Traceback (most recent call last):
  File "E:/automated-testing/zhongxinhua/page3/circulation.py", line 32, in zxh
    try:dr._locate_element('x,//*[@id="dd%s"]'%n)
  File "E:\automated-testing\base\box_driver.py", line 142, in _locate_element
    element = self._base_driver.find_element(*locator)
  File "C:\Program Files\Python36\lib\site-packages\selenium\webdriver\remote\webdriver.py", line 978, in find_element
    'value': value})['value']
  File "C:\Program Files\Python36\lib\site-packages\selenium\webdriver\remote\webdriver.py", line 321, in execute
    self.error_handler.check_response(response)
  File "C:\Program Files\Python36\lib\site-packages\selenium\webdriver\remote\errorhandler.py", line 242, in check_response
    raise exception_class(message, screen, stacktrace)
selenium.common.exceptions.NoSuchElementException: Message: no such element: Unable to locate element: {"method":"xpath","selector":"//*[@id="dd37"]"}
  (Session info: chrome=83.0.4103.116)
  (Driver info: chromedriver=2.41.578737 (49da6702b16031c40d63e5618de03a32ff6c197e),platform=Windows NT 6.1.7601 SP1 x86_64)

